<?xml version="1.0" encoding="UTF-8"?>
<!-- Generated by org.testng.reporters.JUnitReportReporter -->
<testsuite skipped="0" hostname="AnkitaSingh-PC" name="mortgageTest.MortgageTest" tests="1" failures="0" timestamp="28 May 2017 22:29:03 GMT" time="28.456" errors="0">
  <testcase name="callCalculate" time="28.456" classname="mortgageTest.MortgageTest"/>
</testsuite> <!-- mortgageTest.MortgageTest -->
