<?xml version="1.0" encoding="UTF-8"?>
<!-- Generated by org.testng.reporters.JUnitReportReporter -->
<testsuite skipped="0" hostname="AnkitaSingh-PC" name="amazonTest.AmazonTestClass" tests="1" failures="0" timestamp="28 May 2017 22:45:46 GMT" time="30.417" errors="0">
  <testcase name="addcart" time="30.417" classname="amazonTest.AmazonTestClass"/>
</testsuite> <!-- amazonTest.AmazonTestClass -->
